TN:
SF:src/index.ts
FN:12,ShoppingList
FN:16,push
FN:20,find
FN:28,ShoppingItem
FNF:4
FNH:4
FNDA:1,ShoppingList
FNDA:1,push
FNDA:1,find
FNDA:3,ShoppingItem
DA:1,1
DA:2,1
DA:3,1
DA:4,1
DA:5,1
DA:6,1
DA:7,1
DA:8,1
DA:9,1
DA:10,1
DA:11,1
DA:12,1
DA:13,1
DA:14,1
DA:15,1
DA:16,1
DA:17,1
DA:18,1
DA:19,1
DA:20,1
DA:21,1
DA:22,1
DA:23,1
DA:24,1
DA:25,1
DA:26,1
DA:27,1
DA:28,1
DA:29,3
DA:30,3
DA:31,1
DA:32,1
DA:33,1
DA:34,1
DA:35,1
DA:36,1
DA:37,1
DA:38,2
DA:39,1
DA:40,1
DA:41,1
DA:42,1
DA:43,1
DA:44,1
DA:45,1
DA:46,1
DA:47,1
DA:48,1
DA:49,1
DA:50,1
DA:51,1
DA:52,1
DA:53,1
DA:54,1
DA:55,1
DA:56,1
LF:56
LH:56
BRDA:12,0,0,1
BRDA:16,1,0,1
BRDA:20,2,0,1
BRDA:21,3,0,0
BRDA:21,4,0,1
BRDA:28,5,0,3
BRDA:37,6,0,2
BRDA:41,7,0,1
BRDA:45,8,0,1
BRDA:53,9,0,1
BRF:10
BRH:9
end_of_record
